<?xml version="1.0" encoding="UTF-8"?>
<!-- Generated by org.testng.reporters.JUnitReportReporter -->
<testsuite hostname="Admin-PC" name="testcases.TC003_ClickLeads" tests="2" failures="0" timestamp="16 Dec 2017 00:29:54 GMT" time="68.478" errors="0">
  <testcase name="clickleadslnk" time="40.405" classname="testcases.TC003_ClickLeads"/>
  <testcase name="clickleadslnk" time="28.073" classname="testcases.TC003_ClickLeads"/>
</testsuite> <!-- testcases.TC003_ClickLeads -->
